{
  "stats": {
    "suites": 1,
    "tests": 1,
    "passes": 1,
    "pending": 0,
    "failures": 0,
    "start": "2022-07-19T13:26:59.231Z",
    "end": "2022-07-19T13:27:00.841Z",
    "duration": 1610,
    "testsRegistered": 1,
    "passPercent": 100,
    "pendingPercent": 0,
    "other": 0,
    "hasOther": false,
    "skipped": 0,
    "hasSkipped": false
  },
  "results": [
    {
      "uuid": "be0671ff-e61e-4c15-bca8-3bf0ba76e80c",
      "title": "",
      "fullFile": "",
      "file": "",
      "beforeHooks": [],
      "afterHooks": [],
      "tests": [],
      "suites": [
        {
          "uuid": "48ceaf17-2b6d-42eb-9ee7-221cc6804488",
          "title": "[Tokenized Bond] Contract deployment",
          "fullFile": "/home/baahkusi/repos/ejara/tokenized-contract/tests/tokenized-bond.js",
          "file": "/tokenized-bond.js",
          "beforeHooks": [],
          "afterHooks": [],
          "tests": [
            {
              "title": "TB private collection contract deployment should succeed",
              "fullTitle": "[Tokenized Bond] Contract deployment TB private collection contract deployment should succeed",
              "timedOut": false,
              "duration": 1609,
              "state": "passed",
              "speed": "fast",
              "pass": true,
              "fail": false,
              "pending": false,
              "context": null,
              "code": "[tb, _] = await deploy(\n    '../contract/tokenized-bond.arl',\n    {\n        parameters: {\n            owner: ama.pkh,\n        },\n        as: ama.pkh,\n    }\n);",
              "err": {},
              "uuid": "d1db4b6e-e3d8-4d00-a253-7b359d016b89",
              "parentUUID": "48ceaf17-2b6d-42eb-9ee7-221cc6804488",
              "isHook": false,
              "skipped": false
            }
          ],
          "suites": [],
          "passes": [
            "d1db4b6e-e3d8-4d00-a253-7b359d016b89"
          ],
          "failures": [],
          "pending": [],
          "skipped": [],
          "duration": 1609,
          "root": false,
          "rootEmpty": false,
          "_timeout": 0
        }
      ],
      "passes": [],
      "failures": [],
      "pending": [],
      "skipped": [],
      "duration": 0,
      "root": true,
      "rootEmpty": true,
      "_timeout": 0
    }
  ],
  "meta": {
    "mocha": {
      "version": "9.2.2"
    },
    "mochawesome": {
      "options": {
        "quiet": false,
        "reportFilename": "mochawesome",
        "saveHtml": true,
        "saveJson": true,
        "consoleReporter": "spec",
        "useInlineDiffs": false,
        "code": true
      },
      "version": "6.3.1"
    },
    "marge": {
      "options": null,
      "version": "5.2.0"
    }
  }
}